<?xml version="1.0" encoding="UTF-8"?>
<!-- Generated by org.testng.reporters.JUnitReportReporter -->
<testsuite skipped="0" hostname="DESKTOP-IVD4AC9" name="TestCases.TestCase2" tests="1" failures="0" timestamp="2020-04-06T13:14:28 CEST" time="6.073" errors="0">
  <testcase name="tc2" time="6.073" classname="TestCases.TestCase2"/>
  <system-out/>
</testsuite> <!-- TestCases.TestCase2 -->
