<?xml version="1.0" encoding="UTF-8"?>
<!-- Generated by org.testng.reporters.JUnitReportReporter -->
<testsuite skipped="0" hostname="DESKTOP-IVD4AC9" name="TestCases.TestCase1" tests="1" failures="0" timestamp="2020-04-06T13:14:28 CEST" time="9.794" errors="0">
  <testcase name="tc1" time="9.794" classname="TestCases.TestCase1"/>
  <system-out/>
</testsuite> <!-- TestCases.TestCase1 -->
